<?xml version="1.0" encoding="UTF-8"?>
<testng-results skipped="0" failed="0" ignored="0" total="1" passed="1">
  <reporter-output>
  </reporter-output>
  <suite name="Default suite" duration-ms="12957" started-at="2023-04-17T16:23:38 IST" finished-at="2023-04-17T16:23:51 IST">
    <groups>
    </groups>
    <test name="Default test" duration-ms="12957" started-at="2023-04-17T16:23:38 IST" finished-at="2023-04-17T16:23:51 IST">
      <class name="autoit.c1">
        <test-method status="PASS" signature="t1()[pri:0, instance:autoit.c1@76b0bfab]" name="t1" duration-ms="12910" started-at="2023-04-17T16:23:38 IST" finished-at="2023-04-17T16:23:51 IST">
          <reporter-output>
          </reporter-output>
        </test-method> <!-- t1 -->
      </class> <!-- autoit.c1 -->
    </test> <!-- Default test -->
  </suite> <!-- Default suite -->
</testng-results>
